build/app/outputs/mapping/release/seeds.txt
com.sahlsupplyapp.marketplace.MainActivity
com.sahlsupplyapp.marketplace.MainActivity: MainActivity()
...
com.google.firestore.v1.StructuredQuery$Order: int FIELD_FIELD_NUMBER
com.razorpay.razorpay_flutter.R$attr: int titleMargins
com.razorpay.B$$W$: com.razorpay.CheckoutPresenter presenter
co.paystack.flutterpaystack.R$id: int scrollView
io.flutter.plugins.localauth.R$style: int Theme_AppCompat_Light_DarkActionBar
com.google.android.material.R$attr: int checkedIconSize
com.google.android.material.R$id: int easeOut
androidx.constraintlayout.widget.R$styleable: int ConstraintLayout_Layout_layout_constraintWidth
androidx.appcompat.R$style: int Platform_AppCompat_Light
io.flutter.plugins.googlemobileads.R$styleable: int KeyTimeCycle_android_translationY
com.google.android.gms.internal.ads.zzfaq: android.os.Parcelable$Creator CREATOR
com.razorpay.razorpay_flutter.RazorpayDelegate: int PAYMENT_CANCELLED
androidx.biometric.R$attr: int textAppearanceListItem
androidx.appcompat.R$style: int Widget_AppCompat_Button_Colored
com.razorpay.R$attr: int drawableBottomCompat
com.razorpay.R$drawable: int abc_ic_menu_paste_mtrl_am_alpha
io.flutter.plugins.googlemobileads.R$styleable: int ConstraintSet_android_translationY
com.razorpay.R$layout: int abc_expanded_menu_layout
com.razorpay.R$dimen: int abc_panel_menu_list_width
com.google.android.material.R$style: int Widget_MaterialComponents_BottomNavigationView_PrimarySurface
com.google.android.gms.base.R$styleable: int[] SignInButton
com.dexterous.flutterlocalnotifications.models.NotificationDetails: java.lang.String CHRONOMETER_COUNT_DOWN
androidx.appcompat.R$attr: int listPopupWindowStyle
androidx.constraintlayout.widget.R$styleable: int[] PopupWindow
paytm.assist.easypay.easypay.appinvoke.R$string: int native_please_do_not
com.google.android.material.R$styleable: int ConstraintLayout_Layout_android_maxWidth
androidx.biometric.R$drawable: int abc_btn_colored_material
paytm.assist.easypay.easypay.appinvoke.R$id: int default_activity_button
com.google.android.material.R$styleable: int CustomAttribute_customColorDrawableValue
com.facebook.common.R$style: int TextAppearance_AppCompat_Title
io.github.ponnamkarthik.toast.fluttertoast.R$id: int accessibility_custom_action_9
androidx.constraintlayout.widget.R$styleable: int[] AnimatedStateListDrawableCompat
paytm.assist.easypay.easypay.appinvoke.R$styleable: int KeyTimeCycle_waveShape
com.facebook.login.R$style: int Base_V28_Theme_AppCompat
com.google.android.material.R$styleable: int RecyclerView_fastScrollVerticalTrackDrawable
com.facebook.common.R$id: int open_graph
com.google.android.material.R$color: int mtrl_btn_text_color_selector
com.google.android.gms.internal.measurement.zzgd: java.lang.String zzE
com.razorpay.R$attr: int listPreferredItemHeightSmall
com.google.android.recaptcha.internal.zzjv: com.google.android.recaptcha.internal.zzjv zzj
com.pichillilorenzo.flutter_inappwebview.R$id: int accessibility_custom_action_12
com.pichillilorenzo.flutter_inappwebview.R$style: int ThemeOverlay_AppCompat_Light
com.google.android.material.R$style: int Widget_Material3_MaterialCalendar_Fullscreen
androidx.constraintlayout.widget.R$styleable: int ConstraintSet_layout_constraintTop_toTopOf
com.pichillilorenzo.flutter_inappwebview.InAppWebViewMethodHandler$1: io.flutter.plugin.common.MethodChannel$Result val$result
com.google.android.material.R$style: int ThemeOverlay_Material3_Button_ElevatedButton
com.facebook.common.R$id: int icon_group
paytm.assist.easypay.easypay.appinvoke.R$styleable: int KeyAttribute_android_rotation
com.airbnb.lottie.R$styleable: int[] AlertDialog
androidx.biometric.R$layout: int fingerprint_dialog_layout
paytm.assist.easypay.easypay.appinvoke.R$styleable: int ConstraintLayout_Layout_layout_constraintTop_creator
androidx.recyclerview.R$styleable: int GradientColor_android_startY
com.google.android.material.R$styleable: int MotionLayout_layoutDescription
com.paytm.pgsdk.R$style: int Theme_AppCompat_DayNight_DialogWhenLarge
paytm.assist.easypay.easypay.appinvoke.R$styleable: int Constraint_layout_constraintVertical_chainStyle