build/app/outputs/mapping/release/usage.txt
com.sahlsupplyapp.marketplace.BuildConfig
com.sahlsupplyapp.marketplace.R$anim
com.sahlsupplyapp.marketplace.R$animator
com.sahlsupplyapp.marketplace.R$array
com.sahlsupplyapp.marketplace.R$attr
com.sahlsupplyapp.marketplace.R$bool
com.sahlsupplyapp.marketplace.R$color
com.sahlsupplyapp.marketplace.R$dimen
com.sahlsupplyapp.marketplace.R$drawable
com.sahlsupplyapp.marketplace.R$id
com.sahlsupplyapp.marketplace.R$integer
com.sahlsupplyapp.marketplace.R$interpolator
com.sahlsupplyapp.marketplace.R$layout
com.sahlsupplyapp.marketplace.R$menu
com.sahlsupplyapp.marketplace.R$mipmap
com.sahlsupplyapp.marketplace.R$plurals
com.sahlsupplyapp.marketplace.R$raw
com.sahlsupplyapp.marketplace.R$string
com.sahlsupplyapp.marketplace.R$style
com.sahlsupplyapp.marketplace.R$styleable
com.sahlsupplyapp.marketplace.R$xml
com.sahlsupplyapp.marketplace.R
...
com.google.common.util.concurrent.AbstractService
com.google.common.util.concurrent.AbstractTransformFuture$AsyncTransformFuture
com.google.common.util.concurrent.AbstractTransformFuture$TransformFuture
com.google.common.util.concurrent.AbstractTransformFuture
com.google.common.util.concurrent.AggregateFuture$ReleaseResourcesReason
com.google.common.util.concurrent.AggregateFuture
com.google.common.util.concurrent.AggregateFutureState$1
com.google.common.util.concurrent.AggregateFutureState$AtomicHelper
com.google.common.util.concurrent.AggregateFutureState$SafeAtomicHelper
com.google.common.util.concurrent.AggregateFutureState$SynchronizedAtomicHelper
com.google.common.util.concurrent.AggregateFutureState
com.google.common.util.concurrent.AsyncCallable
com.google.common.util.concurrent.AsyncFunction
com.google.common.util.concurrent.AtomicDouble
com.google.common.util.concurrent.AtomicDoubleArray
com.google.common.util.concurrent.AtomicLongMap$1
com.google.common.util.concurrent.AtomicLongMap
com.google.common.util.concurrent.Atomics
com.google.common.util.concurrent.Callables
com.google.common.util.concurrent.ClosingFuture$10
com.google.common.util.concurrent.ClosingFuture$11
com.google.common.util.concurrent.ClosingFuture$12
com.google.common.util.concurrent.ClosingFuture$1
com.google.common.util.concurrent.ClosingFuture$2
com.google.common.util.concurrent.ClosingFuture$3
com.google.common.util.concurrent.ClosingFuture$4
com.google.common.util.concurrent.ClosingFuture$5
com.google.common.util.concurrent.ClosingFuture$6
com.google.common.util.concurrent.ClosingFuture$7
com.google.common.util.concurrent.ClosingFuture$8
com.google.common.util.concurrent.ClosingFuture$9
com.google.common.util.concurrent.ClosingFuture$AsyncClosingCallable
com.google.common.util.concurrent.ClosingFuture$AsyncClosingFunction
com.google.common.util.concurrent.ClosingFuture$CloseableList
com.google.common.util.concurrent.ClosingFuture$ClosingCallable
com.google.common.util.concurrent.ClosingFuture$ClosingFunction
com.google.common.util.concurrent.ClosingFuture$Combiner$1
com.google.common.util.concurrent.ClosingFuture$Combiner$2
com.google.common.util.concurrent.ClosingFuture$Combiner$3
com.google.common.util.concurrent.ClosingFuture$Combiner$AsyncCombiningCallable
com.google.common.util.concurrent.ClosingFuture$Combiner$CombiningCallable
com.google.common.util.concurrent.ClosingFuture$Combiner2$1
com.google.common.util.concurrent.ClosingFuture$Combiner2$2
com.google.common.util.concurrent.ClosingFuture$Combiner2$AsyncClosingFunction2
com.google.common.util.concurrent.ClosingFuture$Combiner2$ClosingFunction2
com.google.common.util.concurrent.ClosingFuture$Combiner2
com.google.common.util.concurrent.ClosingFuture$Combiner3$1
com.google.common.util.concurrent.ClosingFuture$Combiner3$2
com.google.common.util.concurrent.ClosingFuture$Combiner3$AsyncClosingFunction3
com.google.common.util.concurrent.ClosingFuture$Combiner3$ClosingFunction3
com.google.common.util.concurrent.ClosingFuture$Combiner3
com.google.common.util.concurrent.ClosingFuture$Combiner4$1
com.google.common.util.concurrent.ClosingFuture$Combiner4$2
com.google.common.util.concurrent.ClosingFuture$Combiner4$AsyncClosingFunction4
com.google.common.util.concurrent.ClosingFuture$Combiner4$ClosingFunction4
com.google.common.util.concurrent.ClosingFuture$Combiner4
com.google.common.util.concurrent.ClosingFuture$Combiner5$1
com.google.common.util.concurrent.ClosingFuture$Combiner5$2
com.google.common.util.concurrent.ClosingFuture$Combiner5$AsyncClosingFunction5
com.google.common.util.concurrent.ClosingFuture$Combiner5$ClosingFunction5
com.google.common.util.concurrent.ClosingFuture$Combiner5
com.google.common.util.concurrent.ClosingFuture$Combiner
com.google.common.util.concurrent.ClosingFuture$DeferredCloser
com.google.common.util.concurrent.ClosingFuture$Peeker
com.google.common.util.concurrent.ClosingFuture$State
com.google.common.util.concurrent.ClosingFuture$ValueAndCloser